<?xml version="1.0" encoding="UTF-8"?>
<!-- Generated by org.testng.reporters.JUnitXMLReporter -->
<testsuite ignored="0" hostname="VAMSIKRISHNA" failures="3" tests="4" name="Test" time="265.5" errors="0" timestamp="2021-07-24T08:44:27 IST">
  <testcase classname="Academy.E2EProject.HomePage" name="baseNavigationPage" time="208.297"/>
  <testcase classname="Academy.E2EProject.HomePage" name="baseNavigationPage" time="42.508">
    <failure type="org.openqa.selenium.WebDriverException" message="chrome not reachable
  (Session info: chrome=92.0.4515.107)
Build info: version: &amp;apos;3.141.59&amp;apos;, revision: &amp;apos;e82be7d358&amp;apos;, time: &amp;apos;2018-11-14T08:17:03&amp;apos;
System info: host: &amp;apos;VAMSIKRISHNA&amp;apos;, ip: &amp;apos;169.254.178.207&amp;apos;, os.name: &amp;apos;Windows 10&amp;apos;, os.arch: &amp;apos;amd64&amp;apos;, os.version: &amp;apos;10.0&amp;apos;, java.version: &amp;apos;15.0.2&amp;apos;
Driver info: org.openqa.selenium.chrome.ChromeDriver
Capabilities {acceptInsecureCerts: false, browserName: chrome, browserVersion: 92.0.4515.107, chrome: {chromedriverVersion: 91.0.4472.101 (af52a90bf870..., userDataDir: C:\Users\DELL\AppData\Local...}, goog:chromeOptions: {debuggerAddress: localhost:53271}, javascriptEnabled: true, networkConnectionEnabled: false, pageLoadStrategy: normal, platform: WINDOWS, platformName: WINDOWS, proxy: Proxy(), setWindowRect: true, strictFileInteractability: false, timeouts: {implicit: 0, pageLoad: 300000, script: 30000}, unhandledPromptBehavior: dismiss and notify, webauthn:extension:largeBlob: true, webauthn:virtualAuthenticators: true}
Session ID: 4fcbef3d87cd825a2c8c2b97b9908fe8
*** Element info: {Using=css selector, value=a[href*=&amp;apos;sign_in&amp;apos;]}">
      <![CDATA[org.openqa.selenium.WebDriverException: chrome not reachable
  (Session info: chrome=92.0.4515.107)
Build info: version: '3.141.59', revision: 'e82be7d358', time: '2018-11-14T08:17:03'
System info: host: 'VAMSIKRISHNA', ip: '169.254.178.207', os.name: 'Windows 10', os.arch: 'amd64', os.version: '10.0', java.version: '15.0.2'
Driver info: org.openqa.selenium.chrome.ChromeDriver
Capabilities {acceptInsecureCerts: false, browserName: chrome, browserVersion: 92.0.4515.107, chrome: {chromedriverVersion: 91.0.4472.101 (af52a90bf870..., userDataDir: C:\Users\DELL\AppData\Local...}, goog:chromeOptions: {debuggerAddress: localhost:53271}, javascriptEnabled: true, networkConnectionEnabled: false, pageLoadStrategy: normal, platform: WINDOWS, platformName: WINDOWS, proxy: Proxy(), setWindowRect: true, strictFileInteractability: false, timeouts: {implicit: 0, pageLoad: 300000, script: 30000}, unhandledPromptBehavior: dismiss and notify, webauthn:extension:largeBlob: true, webauthn:virtualAuthenticators: true}
Session ID: 4fcbef3d87cd825a2c8c2b97b9908fe8
*** Element info: {Using=css selector, value=a[href*='sign_in']}
at org.openqa.selenium.remote.http.W3CHttpResponseCodec.createException(W3CHttpResponseCodec.java:187)
at org.openqa.selenium.remote.http.W3CHttpResponseCodec.decode(W3CHttpResponseCodec.java:122)
at org.openqa.selenium.remote.http.W3CHttpResponseCodec.decode(W3CHttpResponseCodec.java:49)
at org.openqa.selenium.remote.HttpCommandExecutor.execute(HttpCommandExecutor.java:158)
at org.openqa.selenium.remote.service.DriverCommandExecutor.execute(DriverCommandExecutor.java:83)
at org.openqa.selenium.remote.RemoteWebDriver.execute(RemoteWebDriver.java:552)
at org.openqa.selenium.remote.RemoteWebDriver.findElement(RemoteWebDriver.java:323)
at org.openqa.selenium.remote.RemoteWebDriver.findElementByCssSelector(RemoteWebDriver.java:420)
at org.openqa.selenium.By$ByCssSelector.findElement(By.java:431)
at org.openqa.selenium.remote.RemoteWebDriver.findElement(RemoteWebDriver.java:315)
at pageObjects.LandingPage.getLogin(LandingPage.java:21)
at Academy.E2EProject.HomePage.baseNavigationPage(HomePage.java:19)
at java.base/java.util.ArrayList.forEach(ArrayList.java:1511)
... Removed 32 stack frames]]>
    </failure>
  </testcase> <!-- baseNavigationPage -->
  <testcase classname="Academy.E2EProject.validateNavigationBar" name="baseNavigationPage" time="7.687">
    <failure type="org.openqa.selenium.NoSuchWindowException" message="no such window: target window already closed
from unknown error: web view not found
  (Session info: chrome=92.0.4515.107)
Build info: version: &amp;apos;3.141.59&amp;apos;, revision: &amp;apos;e82be7d358&amp;apos;, time: &amp;apos;2018-11-14T08:17:03&amp;apos;
System info: host: &amp;apos;VAMSIKRISHNA&amp;apos;, ip: &amp;apos;169.254.178.207&amp;apos;, os.name: &amp;apos;Windows 10&amp;apos;, os.arch: &amp;apos;amd64&amp;apos;, os.version: &amp;apos;10.0&amp;apos;, java.version: &amp;apos;15.0.2&amp;apos;
Driver info: org.openqa.selenium.chrome.ChromeDriver
Capabilities {acceptInsecureCerts: false, browserName: chrome, browserVersion: 92.0.4515.107, chrome: {chromedriverVersion: 91.0.4472.101 (af52a90bf870..., userDataDir: C:\Users\DELL\AppData\Local...}, goog:chromeOptions: {debuggerAddress: localhost:55164}, javascriptEnabled: true, networkConnectionEnabled: false, pageLoadStrategy: normal, platform: WINDOWS, platformName: WINDOWS, proxy: Proxy(), setWindowRect: true, strictFileInteractability: false, timeouts: {implicit: 0, pageLoad: 300000, script: 30000}, unhandledPromptBehavior: dismiss and notify, webauthn:extension:largeBlob: true, webauthn:virtualAuthenticators: true}
Session ID: dd6541f89be1d1de31989bbe95be76b8">
      <![CDATA[org.openqa.selenium.NoSuchWindowException: no such window: target window already closed
from unknown error: web view not found
  (Session info: chrome=92.0.4515.107)
Build info: version: '3.141.59', revision: 'e82be7d358', time: '2018-11-14T08:17:03'
System info: host: 'VAMSIKRISHNA', ip: '169.254.178.207', os.name: 'Windows 10', os.arch: 'amd64', os.version: '10.0', java.version: '15.0.2'
Driver info: org.openqa.selenium.chrome.ChromeDriver
Capabilities {acceptInsecureCerts: false, browserName: chrome, browserVersion: 92.0.4515.107, chrome: {chromedriverVersion: 91.0.4472.101 (af52a90bf870..., userDataDir: C:\Users\DELL\AppData\Local...}, goog:chromeOptions: {debuggerAddress: localhost:55164}, javascriptEnabled: true, networkConnectionEnabled: false, pageLoadStrategy: normal, platform: WINDOWS, platformName: WINDOWS, proxy: Proxy(), setWindowRect: true, strictFileInteractability: false, timeouts: {implicit: 0, pageLoad: 300000, script: 30000}, unhandledPromptBehavior: dismiss and notify, webauthn:extension:largeBlob: true, webauthn:virtualAuthenticators: true}
Session ID: dd6541f89be1d1de31989bbe95be76b8
at org.openqa.selenium.remote.http.W3CHttpResponseCodec.createException(W3CHttpResponseCodec.java:187)
at org.openqa.selenium.remote.http.W3CHttpResponseCodec.decode(W3CHttpResponseCodec.java:122)
at org.openqa.selenium.remote.http.W3CHttpResponseCodec.decode(W3CHttpResponseCodec.java:49)
at org.openqa.selenium.remote.HttpCommandExecutor.execute(HttpCommandExecutor.java:158)
at org.openqa.selenium.remote.service.DriverCommandExecutor.execute(DriverCommandExecutor.java:83)
at org.openqa.selenium.remote.RemoteWebDriver.execute(RemoteWebDriver.java:552)
at org.openqa.selenium.remote.RemoteWebDriver.get(RemoteWebDriver.java:277)
at Academy.E2EProject.validateNavigationBar.baseNavigationPage(validateNavigationBar.java:18)
at java.base/java.util.ArrayList.forEach(ArrayList.java:1511)
... Removed 32 stack frames]]>
    </failure>
  </testcase> <!-- baseNavigationPage -->
  <testcase classname="Academy.E2EProject.validateTitle" name="baseNavigationPage" time="6.673">
    <failure type="org.openqa.selenium.SessionNotCreatedException" message="session not created
from disconnected: received Inspector.detached event
  (Session info: chrome=92.0.4515.107)
Build info: version: &amp;apos;3.141.59&amp;apos;, revision: &amp;apos;e82be7d358&amp;apos;, time: &amp;apos;2018-11-14T08:17:03&amp;apos;
System info: host: &amp;apos;VAMSIKRISHNA&amp;apos;, ip: &amp;apos;169.254.178.207&amp;apos;, os.name: &amp;apos;Windows 10&amp;apos;, os.arch: &amp;apos;amd64&amp;apos;, os.version: &amp;apos;10.0&amp;apos;, java.version: &amp;apos;15.0.2&amp;apos;
Driver info: driver.version: ChromeDriver
remote stacktrace: Backtrace:
	Ordinal0 [0x00A63733+2504499]
	Ordinal0 [0x009FC401+2081793]
	Ordinal0 [0x00902628+1058344]
	Ordinal0 [0x008F59F4+1006068]
	Ordinal0 [0x008F5634+1005108]
	Ordinal0 [0x008F4D7C+1002876]
	Ordinal0 [0x008F3EF9+999161]
	Ordinal0 [0x008F41B6+999862]
	Ordinal0 [0x008F3AA5+998053]
	Ordinal0 [0x008FE6B4+1042100]
	Ordinal0 [0x008F3A61+997985]
	Ordinal0 [0x008F4986+1001862]
	Ordinal0 [0x008F3EF9+999161]
	Ordinal0 [0x008F41B6+999862]
	Ordinal0 [0x008F3AA5+998053]
	Ordinal0 [0x008FC73A+1034042]
	Ordinal0 [0x008F3A61+997985]
	Ordinal0 [0x008F4986+1001862]
	Ordinal0 [0x008F3EF9+999161]
	Ordinal0 [0x008F41B6+999862]
	Ordinal0 [0x008F3AA5+998053]
	Ordinal0 [0x008FA5E9+1025513]
	Ordinal0 [0x008F3A61+997985]
	Ordinal0 [0x008F4986+1001862]
	Ordinal0 [0x008F3EF9+999161]
	Ordinal0 [0x008F41B6+999862]
	Ordinal0 [0x008F3AA5+998053]
	Ordinal0 [0x008F990C+1022220]
	Ordinal0 [0x008F3A61+997985]
	Ordinal0 [0x008F4986+1001862]
	Ordinal0 [0x008F3EF9+999161]
	Ordinal0 [0x008F41B6+999862]
	Ordinal0 [0x008F3AA5+998053]
	Ordinal0 [0x008EF5DD+980445]
	Ordinal0 [0x008F3A61+997985]
	Ordinal0 [0x008F3800+997376]
	Ordinal0 [0x008F3599+996761]
	Ordinal0 [0x00903830+1062960]
	Ordinal0 [0x0094ABB9+1354681]
	Ordinal0 [0x009497DA+1349594]
	Ordinal0 [0x00945D4B+1334603]
	Ordinal0 [0x009222B4+1188532]
	Ordinal0 [0x00923149+1192265]
	GetHandleVerifier [0x00BDFB8C+1512252]
	GetHandleVerifier [0x00C8B0DF+2214031]
	GetHandleVerifier [0x00AE4BC3+484211]
	GetHandleVerifier [0x00AE3E69+480793]
	Ordinal0 [0x00A0218D+2105741]
	Ordinal0 [0x00A066E8+2123496]
	Ordinal0 [0x00A06827+2123815]
	Ordinal0 [0x00A0FB73+2161523]
	BaseThreadInitThunk [0x75B2FA29+25]
	RtlGetAppContainerNamedObjectPath [0x77CC7A7E+286]
	RtlGetAppContainerNamedObjectPath [0x77CC7A4E+238]
">
      <![CDATA[org.openqa.selenium.SessionNotCreatedException: session not created
from disconnected: received Inspector.detached event
  (Session info: chrome=92.0.4515.107)
Build info: version: '3.141.59', revision: 'e82be7d358', time: '2018-11-14T08:17:03'
System info: host: 'VAMSIKRISHNA', ip: '169.254.178.207', os.name: 'Windows 10', os.arch: 'amd64', os.version: '10.0', java.version: '15.0.2'
Driver info: driver.version: ChromeDriver
remote stacktrace: Backtrace:
Ordinal0 [0x00A63733+2504499]
Ordinal0 [0x009FC401+2081793]
Ordinal0 [0x00902628+1058344]
Ordinal0 [0x008F59F4+1006068]
Ordinal0 [0x008F5634+1005108]
Ordinal0 [0x008F4D7C+1002876]
Ordinal0 [0x008F3EF9+999161]
Ordinal0 [0x008F41B6+999862]
Ordinal0 [0x008F3AA5+998053]
Ordinal0 [0x008FE6B4+1042100]
Ordinal0 [0x008F3A61+997985]
Ordinal0 [0x008F4986+1001862]
Ordinal0 [0x008F3EF9+999161]
Ordinal0 [0x008F41B6+999862]
Ordinal0 [0x008F3AA5+998053]
Ordinal0 [0x008FC73A+1034042]
Ordinal0 [0x008F3A61+997985]
Ordinal0 [0x008F4986+1001862]
Ordinal0 [0x008F3EF9+999161]
Ordinal0 [0x008F41B6+999862]
Ordinal0 [0x008F3AA5+998053]
Ordinal0 [0x008FA5E9+1025513]
Ordinal0 [0x008F3A61+997985]
Ordinal0 [0x008F4986+1001862]
Ordinal0 [0x008F3EF9+999161]
Ordinal0 [0x008F41B6+999862]
Ordinal0 [0x008F3AA5+998053]
Ordinal0 [0x008F990C+1022220]
Ordinal0 [0x008F3A61+997985]
Ordinal0 [0x008F4986+1001862]
Ordinal0 [0x008F3EF9+999161]
Ordinal0 [0x008F41B6+999862]
Ordinal0 [0x008F3AA5+998053]
Ordinal0 [0x008EF5DD+980445]
Ordinal0 [0x008F3A61+997985]
Ordinal0 [0x008F3800+997376]
Ordinal0 [0x008F3599+996761]
Ordinal0 [0x00903830+1062960]
Ordinal0 [0x0094ABB9+1354681]
Ordinal0 [0x009497DA+1349594]
Ordinal0 [0x00945D4B+1334603]
Ordinal0 [0x009222B4+1188532]
Ordinal0 [0x00923149+1192265]
GetHandleVerifier [0x00BDFB8C+1512252]
GetHandleVerifier [0x00C8B0DF+2214031]
GetHandleVerifier [0x00AE4BC3+484211]
GetHandleVerifier [0x00AE3E69+480793]
Ordinal0 [0x00A0218D+2105741]
Ordinal0 [0x00A066E8+2123496]
Ordinal0 [0x00A06827+2123815]
Ordinal0 [0x00A0FB73+2161523]
BaseThreadInitThunk [0x75B2FA29+25]
RtlGetAppContainerNamedObjectPath [0x77CC7A7E+286]
RtlGetAppContainerNamedObjectPath [0x77CC7A4E+238]

at org.openqa.selenium.remote.W3CHandshakeResponse.lambda$errorHandler$0(W3CHandshakeResponse.java:62)
at org.openqa.selenium.remote.HandshakeResponse.lambda$getResponseFunction$0(HandshakeResponse.java:30)
at org.openqa.selenium.remote.ProtocolHandshake.lambda$createSession$0(ProtocolHandshake.java:126)
at java.base/java.util.stream.ReferencePipeline$3$1.accept(ReferencePipeline.java:195)
at java.base/java.util.Spliterators$ArraySpliterator.tryAdvance(Spliterators.java:958)
at java.base/java.util.stream.ReferencePipeline.forEachWithCancel(ReferencePipeline.java:127)
at java.base/java.util.stream.AbstractPipeline.copyIntoWithCancel(AbstractPipeline.java:502)
at java.base/java.util.stream.AbstractPipeline.copyInto(AbstractPipeline.java:488)
at java.base/java.util.stream.AbstractPipeline.wrapAndCopyInto(AbstractPipeline.java:474)
at java.base/java.util.stream.FindOps$FindOp.evaluateSequential(FindOps.java:150)
at java.base/java.util.stream.AbstractPipeline.evaluate(AbstractPipeline.java:234)
at java.base/java.util.stream.ReferencePipeline.findFirst(ReferencePipeline.java:543)
at org.openqa.selenium.remote.ProtocolHandshake.createSession(ProtocolHandshake.java:128)
at org.openqa.selenium.remote.ProtocolHandshake.createSession(ProtocolHandshake.java:74)
at org.openqa.selenium.remote.HttpCommandExecutor.execute(HttpCommandExecutor.java:136)
at org.openqa.selenium.remote.service.DriverCommandExecutor.execute(DriverCommandExecutor.java:83)
at org.openqa.selenium.remote.RemoteWebDriver.execute(RemoteWebDriver.java:552)
at org.openqa.selenium.remote.RemoteWebDriver.startSession(RemoteWebDriver.java:213)
at org.openqa.selenium.remote.RemoteWebDriver.<init>(RemoteWebDriver.java:131)
at org.openqa.selenium.chrome.ChromeDriver.<init>(ChromeDriver.java:181)
at org.openqa.selenium.chrome.ChromeDriver.<init>(ChromeDriver.java:168)
at org.openqa.selenium.chrome.ChromeDriver.<init>(ChromeDriver.java:123)
at Academy.E2EProject.base.intializeDriver(base.java:26)
at Academy.E2EProject.validateTitle.baseNavigationPage(validateTitle.java:17)
at java.base/java.util.ArrayList.forEach(ArrayList.java:1511)
... Removed 32 stack frames]]>
    </failure>
  </testcase> <!-- baseNavigationPage -->
</testsuite> <!-- Test -->
