<?xml version="1.0" encoding="UTF-8"?>
<!-- Generated by org.testng.reporters.JUnitXMLReporter -->
<testsuite ignored="1" hostname="VAMSIKRISHNA" failures="1" tests="2" name="Car Loan" time="0.02" errors="0" timestamp="2021-07-11T15:59:50 IST">
  <testcase classname="test.day3" name="LoginAPICarLoan" time="0.003"/>
  <testcase classname="test.day3" name="WebLoginCarLoan" time="0.0">
    <failure type="org.testng.TestNGException" message="
Parameter &amp;apos;URL&amp;apos; is required by @Test on method WebLoginCarLoan but has not been marked @Optional or defined
in C:\Automation\TestNGTutorial\testng.xml">
      <![CDATA[org.testng.TestNGException: 
Parameter 'URL' is required by @Test on method WebLoginCarLoan but has not been marked @Optional or defined
in C:\Automation\TestNGTutorial\testng.xml
at java.base/java.util.ArrayList.forEach(ArrayList.java:1511)
... Removed 26 stack frames]]>
    </failure>
  </testcase> <!-- WebLoginCarLoan -->
  <testcase classname="test.day3" name="MobLoginCarLoan" time="0.0">
    <ignored/>
  </testcase> <!-- MobLoginCarLoan -->
</testsuite> <!-- Car Loan -->
